#!/usr/bin/env ruby
$:.unshift('/Users/scheibo/Code/src/dat/lib/')
require 'dat'
# 2011-09-29 22:29:10 -0400 !dat bot:simple bot:simple bot:simple
game = Dat::Game.new(Dat::Logger.new[0], {:players=>["kjs@scheibo.com", "SimpleBot1", "SimpleBot2", "SimpleBot3"]})
game.play("SimpleBot1", "LAT")
game.play("SimpleBot2", "LAD")
game.play("SimpleBot3", "LED")
# 2011-09-29 22:29:12 -0400 LAT
# 2011-09-29 22:29:12 -0400 LAD
# 2011-09-29 22:29:12 -0400 LED
# 2011-09-29 22:29:25 -0400 !history
# 2011-09-29 22:29:25 -0400 DAT -> LAT -> LAD -> LED -> ???
# 2011-09-29 22:30:13 -0400 @fed
game.play("kjs@scheibo.com", "FED")
game.play("SimpleBot1", "FEN")
game.play("SimpleBot2", "FIN")
game.play("SimpleBot3", "KIN")
# 2011-09-29 22:30:13 -0400 FEN
# 2011-09-29 22:30:13 -0400 FIN
# 2011-09-29 22:30:13 -0400 KIN
# 2011-09-29 22:30:19 -0400 @kind
game.play("kjs@scheibo.com", "KIND")
game.play("SimpleBot1", "KING")
game.play("SimpleBot2", "KINK")
game.play("SimpleBot3", "FINK")
# 2011-09-29 22:30:19 -0400 KING
# 2011-09-29 22:30:19 -0400 KINK
# 2011-09-29 22:30:19 -0400 FINK
# 2011-09-29 22:30:23 -0400 @dink
game.play("kjs@scheibo.com", "DINK")
game.play("SimpleBot1", "DRINK")
game.play("SimpleBot2", "PRINK")
game.play("SimpleBot3", "PLINK")
# 2011-09-29 22:30:23 -0400 DRINK
# 2011-09-29 22:30:23 -0400 PRINK
# 2011-09-29 22:30:23 -0400 PLINK
# 2011-09-29 22:30:36 -0400 @plonk
game.play("kjs@scheibo.com", "PLONK")
game.play("SimpleBot1", "CLONK")
game.play("SimpleBot2", "CLONS")
game.play("SimpleBot3", "CLODS")
# 2011-09-29 22:30:36 -0400 CLONK
# 2011-09-29 22:30:36 -0400 CLONS
# 2011-09-29 22:30:36 -0400 CLODS
# 2011-09-29 22:30:50 -0400 @CLOUDS
game.play("kjs@scheibo.com", "CLOUDS")
game.play("SimpleBot1", "CLOUDY")
game.play("SimpleBot2", "CLODDY")
# didn't catch this exception
