#!/usr/bin/env ruby
$:.unshift('/Users/scheibo/Code/src/dat/lib/')
require 'dat'
# 2011-09-29 23:52:50 -0400 !dat bot:simple bot:simple bot:simple bot:simple bot:simple bot:simple bot:simple bot:simple bot:simple
game = Dat::Game.new(Dat::Logger.new[0], {:players=>["kjs@scheibo.com", "SimpleBot-2172033900", "SimpleBot-2172033700", "SimpleBot-2172033480", "SimpleBot-2172033340", "SimpleBot-2172032880", "SimpleBot-2172032520", "SimpleBot-2172031740", "SimpleBot-2172031220", "SimpleBot-2172031040"]})
game.play("SimpleBot-2172033900", "DAY")
game.play("SimpleBot-2172033700", "NAY")
game.play("SimpleBot-2172033480", "RAY")
game.play("SimpleBot-2172033340", "CAY")
game.play("SimpleBot-2172032880", "YAY")
game.play("SimpleBot-2172032520", "YAM")
game.play("SimpleBot-2172031740", "HAM")
game.play("SimpleBot-2172031220", "HAE")
game.play("SimpleBot-2172031040", "HIE")
# 2011-09-29 23:52:53 -0400 DAY
# 2011-09-29 23:52:53 -0400 NAY
# 2011-09-29 23:52:53 -0400 RAY
# 2011-09-29 23:52:53 -0400 CAY
# 2011-09-29 23:52:53 -0400 YAY
# 2011-09-29 23:52:53 -0400 YAM
# 2011-09-29 23:52:53 -0400 HAM
# 2011-09-29 23:52:53 -0400 HAE
# 2011-09-29 23:52:53 -0400 HIE
# 2011-09-29 23:53:42 -0400 @tie
game.play("kjs@scheibo.com", "TIE")
game.play("SimpleBot-2172033900", "TIL")
game.play("SimpleBot-2172033700", "TIN")
game.play("SimpleBot-2172033480", "RIN")
game.play("SimpleBot-2172033340", "HIN")
game.play("SimpleBot-2172032880", "PIN")
game.play("SimpleBot-2172032520", "PUN")
game.play("SimpleBot-2172031740", "PAN")
game.play("SimpleBot-2172031220", "FAN")
game.play("SimpleBot-2172031040", "NAN")
# 2011-09-29 23:53:42 -0400 TIL
# 2011-09-29 23:53:42 -0400 TIN
# 2011-09-29 23:53:42 -0400 RIN
# 2011-09-29 23:53:42 -0400 HIN
# 2011-09-29 23:53:42 -0400 PIN
# 2011-09-29 23:53:42 -0400 PUN
# 2011-09-29 23:53:42 -0400 PAN
# 2011-09-29 23:53:42 -0400 FAN
# 2011-09-29 23:53:42 -0400 NAN
# 2011-09-29 23:53:45 -0400 @ban
game.play("kjs@scheibo.com", "BAN")
game.play("SimpleBot-2172033900", "BAT")
game.play("SimpleBot-2172033700", "BUT")
game.play("SimpleBot-2172033480", "BUB")
game.play("SimpleBot-2172033340", "SUB")
game.play("SimpleBot-2172032880", "SUM")
game.play("SimpleBot-2172032520", "SUQ")
game.play("SimpleBot-2172031740", "SUE")
game.play("SimpleBot-2172031220", "SUN")
game.play("SimpleBot-2172031040", "MUN")
# 2011-09-29 23:53:45 -0400 BAT
# 2011-09-29 23:53:45 -0400 BUT
# 2011-09-29 23:53:45 -0400 BUB
# 2011-09-29 23:53:45 -0400 SUB
# 2011-09-29 23:53:45 -0400 SUM
# 2011-09-29 23:53:45 -0400 SUQ
# 2011-09-29 23:53:45 -0400 SUE
# 2011-09-29 23:53:45 -0400 SUN
# 2011-09-29 23:53:45 -0400 MUN
# 2011-09-29 23:53:54 -0400 ?mun
# 2011-09-29 23:53:54 -0400 Man; fellow
# 2011-09-29 23:53:55 -0400 ?mut
# 2011-09-29 23:53:55 -0400 Mutt
# 2011-09-29 23:53:59 -0400 @mut
game.play("kjs@scheibo.com", "MUT")
game.play("SimpleBot-2172033900", "MUD")
game.play("SimpleBot-2172033700", "MUM")
game.play("SimpleBot-2172033480", "CUM")
game.play("SimpleBot-2172033340", "CUB")
game.play("SimpleBot-2172032880", "NUB")
game.play("SimpleBot-2172032520", "NUS")
game.play("SimpleBot-2172031740", "JUS")
game.play("SimpleBot-2172031220", "BUS")
game.play("SimpleBot-2172031040", "BOS")
# 2011-09-29 23:53:59 -0400 MUD
# 2011-09-29 23:53:59 -0400 MUM
# 2011-09-29 23:53:59 -0400 CUM
# 2011-09-29 23:53:59 -0400 CUB
# 2011-09-29 23:53:59 -0400 NUB
# 2011-09-29 23:53:59 -0400 NUS
# 2011-09-29 23:53:59 -0400 JUS
# 2011-09-29 23:53:59 -0400 BUS
# 2011-09-29 23:53:59 -0400 BOS
# 2011-09-29 23:54:06 -0400 @boss
game.play("kjs@scheibo.com", "BOSS")
game.play("SimpleBot-2172033900", "BOSK")
game.play("SimpleBot-2172033700", "MOSK")
game.play("SimpleBot-2172033480", "MOS")
game.play("SimpleBot-2172033340", "MIS")
game.play("SimpleBot-2172032880", "MID")
game.play("SimpleBot-2172032520", "MOD")
game.play("SimpleBot-2172031740", "MOC")
game.play("SimpleBot-2172031220", "MOA")
game.play("SimpleBot-2172031040", "MOL")
# 2011-09-29 23:54:06 -0400 BOSK
# 2011-09-29 23:54:06 -0400 MOSK
# 2011-09-29 23:54:06 -0400 MOS
# 2011-09-29 23:54:06 -0400 MIS
# 2011-09-29 23:54:06 -0400 MID
# 2011-09-29 23:54:06 -0400 MOD
# 2011-09-29 23:54:06 -0400 MOC
# 2011-09-29 23:54:06 -0400 MOA
# 2011-09-29 23:54:06 -0400 MOL
# 2011-09-29 23:54:08 -0400 @mold
game.play("kjs@scheibo.com", "MOLD")
game.play("SimpleBot-2172033900", "FOLD")
game.play("SimpleBot-2172033700", "FOLK")
game.play("SimpleBot-2172033480", "HOLK")
game.play("SimpleBot-2172033340", "HOOK")
game.play("SimpleBot-2172032880", "SOOK")
game.play("SimpleBot-2172032520", "SHOOK")
game.play("SimpleBot-2172031740", "SHOO")
game.play("SimpleBot-2172031220", "SHMO")
game.play("SimpleBot-2172031040", "SCHMO")
# 2011-09-29 23:54:08 -0400 FOLD
# 2011-09-29 23:54:08 -0400 FOLK
# 2011-09-29 23:54:08 -0400 HOLK
# 2011-09-29 23:54:08 -0400 HOOK
# 2011-09-29 23:54:08 -0400 SOOK
# 2011-09-29 23:54:08 -0400 SHOOK
# 2011-09-29 23:54:08 -0400 SHOO
# 2011-09-29 23:54:08 -0400 SHMO
# 2011-09-29 23:54:08 -0400 SCHMO
# 2011-09-29 23:54:08 -0400 Player 10 (SimpleBot-2172031040) wins.
# 2011-09-29 23:54:20 -0400 !trecent
# 2011-09-29 23:54:20 -0400 SHOOK -> SHOO (0.0) -> SHMO (0.0) -> SCHMO
# 2011-09-29 23:54:20 -0400 Player 10 (SimpleBot-2172031040) wins. (0.0)
# 2011-09-29 23:54:23 -0400 !thistory
# 2011-09-29 23:54:23 -0400 DAT -> DAY (0.0) -> NAY (0.0) -> RAY (0.0) -> CAY (0.0) -> YAY (0.0) -> YAM (0.0) -> HAM (0.0) -> HAE (0.0) -> HIE (0.0) -> TIE (49.0) -> TIL (0.0) -> TIN (0.0) -> RIN (0.0) -> HIN (0.0) -> PIN (0.0) -> PUN (0.0) -> PAN (0.0) -> FAN (0.0) -> NAN (0.0) -> BAN (2.9) -> BAT (0.0) -> BUT (0.0) -> BUB (0.0) -> SUB (0.0) -> SUM (0.0) -> SUQ (0.0) -> SUE (0.0) -> SUN (0.0) -> MUN (0.0) -> MUT (14.7) -> MUD (0.0) -> MUM (0.0) -> CUM (0.0) -> CUB (0.0) -> NUB (0.0) -> NUS (0.0) -> JUS (0.0) -> BUS (0.0) -> BOS (0.0) -> BOSS (6.5) -> BOSK (0.0) -> MOSK (0.0) -> MOS (0.0) -> MIS (0.0) -> MID (0.0) -> MOD (0.0) -> MOC (0.0) -> MOA (0.0) -> MOL (0.0) -> MOLD (2.5) -> FOLD (0.0) -> FOLK (0.0) -> HOLK (0.0) -> HOOK (0.0) -> SOOK (0.0) -> SHOOK (0.0) -> SHOO (0.0) -> SHMO (0.0) -> SCHMO
# 2011-09-29 23:54:23 -0400 Player 10 (SimpleBot-2172031040) wins. (0.0)
